TN:
SF:src/modules/accounts/infra/typeorm/entities/User.ts
FN:30,User
FNF:1
FNH:1
FNDA:10,User
DA:1,1
DA:2,1
DA:3,1
DA:4,1
DA:5,5
DA:6,5
DA:7,5
DA:8,5
DA:9,5
DA:10,5
DA:11,5
DA:12,5
DA:13,5
DA:14,5
DA:15,5
DA:16,5
DA:17,5
DA:18,5
DA:19,5
DA:20,5
DA:21,5
DA:22,5
DA:23,5
DA:24,5
DA:25,5
DA:26,5
DA:27,5
DA:28,5
DA:29,5
DA:30,5
DA:31,10
DA:32,10
DA:33,10
DA:34,10
DA:35,5
DA:36,1
DA:37,1
LF:37
LH:37
BRDA:5,0,0,5
BRDA:30,1,0,10
BRF:2
BRH:2
end_of_record
TN:
SF:src/modules/accounts/repositories/in-memory/UsersRepositoryInMemory.ts
FN:6,UsersRepositoryInMemory
FN:20,Object.<anonymous>.UsersRepositoryInMemory.create
FN:41,Object.<anonymous>.UsersRepositoryInMemory.update
FN:65,Object.<anonymous>.UsersRepositoryInMemory.list
FN:69,Object.<anonymous>.UsersRepositoryInMemory.findByEmail
FN:73,Object.<anonymous>.UsersRepositoryInMemory.findById
FNF:6
FNH:4
FNDA:16,UsersRepositoryInMemory
FNDA:10,Object.<anonymous>.UsersRepositoryInMemory.create
FNDA:0,Object.<anonymous>.UsersRepositoryInMemory.update
FNDA:0,Object.<anonymous>.UsersRepositoryInMemory.list
FNDA:4,Object.<anonymous>.UsersRepositoryInMemory.findByEmail
FNDA:16,Object.<anonymous>.UsersRepositoryInMemory.findById
DA:1,1
DA:2,1
DA:3,1
DA:4,1
DA:5,1
DA:6,16
DA:7,16
DA:8,16
DA:9,16
DA:10,16
DA:11,16
DA:12,16
DA:13,16
DA:14,16
DA:15,16
DA:16,16
DA:17,16
DA:18,16
DA:19,16
DA:20,16
DA:21,10
DA:22,10
DA:23,10
DA:24,10
DA:25,10
DA:26,10
DA:27,10
DA:28,10
DA:29,10
DA:30,10
DA:31,10
DA:32,10
DA:33,10
DA:34,10
DA:35,10
DA:36,10
DA:37,10
DA:38,10
DA:39,10
DA:40,16
DA:41,16
DA:42,0
DA:43,0
DA:44,0
DA:45,0
DA:46,0
DA:47,0
DA:48,0
DA:49,0
DA:50,0
DA:51,0
DA:52,0
DA:53,0
DA:54,0
DA:55,0
DA:56,0
DA:57,0
DA:58,0
DA:59,0
DA:60,0
DA:61,0
DA:62,0
DA:63,0
DA:64,16
DA:65,16
DA:66,0
DA:67,0
DA:68,16
DA:69,16
DA:70,4
DA:71,4
DA:72,16
DA:73,16
DA:74,16
DA:75,16
DA:76,16
DA:77,1
DA:78,1
LF:78
LH:54
BRDA:6,0,0,5
BRDA:6,1,0,16
BRDA:20,2,0,10
BRDA:69,3,0,4
BRDA:70,4,0,5
BRDA:73,5,0,16
BRDA:74,6,0,29
BRF:7
BRH:7
end_of_record
TN:
SF:src/modules/accounts/repositories/in-memory/UsersRepositoryInMemorySingleton.ts
FN:8,UsersRepositoryInMemorySingleton
FN:12,Object.<anonymous>.UsersRepositoryInMemorySingleton.setInstance
FN:18,Object.<anonymous>.UsersRepositoryInMemorySingleton.getInstance
FN:25,Object.<anonymous>.UsersRepositoryInMemorySingleton.create
FN:44,Object.<anonymous>.UsersRepositoryInMemorySingleton.list
FN:49,Object.<anonymous>.UsersRepositoryInMemorySingleton.findById
FN:57,Object.<anonymous>.UsersRepositoryInMemorySingleton.updateUserAdmin
FN:70,Object.<anonymous>.UsersRepositoryInMemorySingleton.update
FN:78,Object.<anonymous>.UsersRepositoryInMemorySingleton.findByEmail
FNF:9
FNH:6
FNDA:10,UsersRepositoryInMemorySingleton
FNDA:2,Object.<anonymous>.UsersRepositoryInMemorySingleton.setInstance
FNDA:2,Object.<anonymous>.UsersRepositoryInMemorySingleton.getInstance
FNDA:2,Object.<anonymous>.UsersRepositoryInMemorySingleton.create
FNDA:0,Object.<anonymous>.UsersRepositoryInMemorySingleton.list
FNDA:5,Object.<anonymous>.UsersRepositoryInMemorySingleton.findById
FNDA:1,Object.<anonymous>.UsersRepositoryInMemorySingleton.updateUserAdmin
FNDA:0,Object.<anonymous>.UsersRepositoryInMemorySingleton.update
FNDA:0,Object.<anonymous>.UsersRepositoryInMemorySingleton.findByEmail
DA:1,1
DA:2,1
DA:3,1
DA:4,1
DA:5,1
DA:6,1
DA:7,1
DA:8,10
DA:9,10
DA:10,10
DA:11,10
DA:12,10
DA:13,2
DA:14,2
DA:15,2
DA:16,2
DA:17,10
DA:18,10
DA:19,2
DA:20,2
DA:21,2
DA:22,2
DA:23,2
DA:24,10
DA:25,10
DA:26,2
DA:27,2
DA:28,2
DA:29,2
DA:30,2
DA:31,2
DA:32,2
DA:33,2
DA:34,2
DA:35,2
DA:36,2
DA:37,2
DA:38,2
DA:39,2
DA:40,2
DA:41,2
DA:42,2
DA:43,10
DA:44,10
DA:45,0
DA:46,0
DA:47,0
DA:48,10
DA:49,10
DA:50,5
DA:51,5
DA:52,5
DA:53,5
DA:54,5
DA:55,5
DA:56,10
DA:57,10
DA:58,1
DA:59,1
DA:60,1
DA:61,1
DA:62,1
DA:63,1
DA:64,1
DA:65,1
DA:66,1
DA:67,1
DA:68,1
DA:69,10
DA:70,10
DA:71,0
DA:72,0
DA:73,0
DA:74,0
DA:75,0
DA:76,0
DA:77,0
DA:78,10
DA:79,0
DA:80,0
DA:81,10
LF:81
LH:69
BRDA:8,0,0,2
BRDA:8,1,0,10
BRDA:12,2,0,2
BRDA:18,3,0,2
BRDA:25,4,0,2
BRDA:33,5,0,2
BRDA:49,6,0,5
BRDA:50,7,0,5
BRDA:57,8,0,1
BRDA:58,9,0,1
BRF:10
BRH:10
end_of_record
TN:
SF:src/modules/accounts/useCases/authenticateUser/AuthenticateUserUseCase.ts
FN:23,AuthenticateUserUseCase
FN:28,Object.<anonymous>.AuthenticateUserUseCase.execute
FNF:2
FNH:2
FNDA:3,AuthenticateUserUseCase
FNDA:2,Object.<anonymous>.AuthenticateUserUseCase.execute
DA:1,1
DA:2,1
DA:3,1
DA:4,1
DA:5,1
DA:6,1
DA:7,1
DA:8,1
DA:9,1
DA:10,1
DA:11,1
DA:12,1
DA:13,1
DA:14,1
DA:15,1
DA:16,1
DA:17,1
DA:18,1
DA:19,1
DA:20,1
DA:21,1
DA:22,1
DA:23,1
DA:24,3
DA:25,3
DA:26,3
DA:27,1
DA:28,1
DA:29,2
DA:30,2
DA:31,1
DA:32,1
DA:33,1
DA:34,2
DA:35,2
DA:36,0
DA:37,0
DA:38,2
DA:39,2
DA:40,2
DA:41,2
DA:42,2
DA:43,2
DA:44,2
DA:45,2
DA:46,2
DA:47,2
DA:48,2
DA:49,2
DA:50,2
DA:51,2
DA:52,2
DA:53,2
DA:54,2
DA:55,2
DA:56,2
DA:57,2
DA:58,2
DA:59,2
DA:60,2
DA:61,1
DA:62,1
LF:62
LH:60
BRDA:22,0,0,1
BRDA:23,1,0,3
BRDA:28,2,0,2
BRDA:29,3,0,2
BRDA:30,4,0,1
BRDA:35,5,0,0
BRF:6
BRH:5
end_of_record
TN:
SF:src/modules/accounts/useCases/createUser/CreateUserUseCase.ts
FN:10,CreateUserUseCase
FN:15,Object.<anonymous>.CreateUserUseCase.execute
FNF:2
FNH:2
FNDA:3,CreateUserUseCase
FNDA:2,Object.<anonymous>.CreateUserUseCase.execute
DA:1,1
DA:2,1
DA:3,1
DA:4,1
DA:5,1
DA:6,1
DA:7,1
DA:8,1
DA:9,1
DA:10,1
DA:11,3
DA:12,3
DA:13,3
DA:14,1
DA:15,1
DA:16,2
DA:17,2
DA:18,2
DA:19,2
DA:20,2
DA:21,2
DA:22,2
DA:23,2
DA:24,2
DA:25,2
DA:26,2
DA:27,2
DA:28,2
DA:29,2
DA:30,2
DA:31,2
DA:32,2
DA:33,1
DA:34,1
DA:35,1
LF:35
LH:35
BRDA:9,0,0,1
BRDA:10,1,0,3
BRDA:15,2,0,2
BRDA:21,3,0,2
BRDA:23,4,0,0
BRF:5
BRH:4
end_of_record
TN:
SF:src/modules/cars/infra/typeorm/entities/Car.ts
FN:68,Car
FNF:1
FNH:1
FNDA:12,Car
DA:1,1
DA:2,1
DA:3,1
DA:4,1
DA:5,1
DA:6,1
DA:7,1
DA:8,1
DA:9,1
DA:10,1
DA:11,1
DA:12,1
DA:13,1
DA:14,1
DA:15,1
DA:16,1
DA:17,1
DA:18,5
DA:19,5
DA:20,5
DA:21,5
DA:22,5
DA:23,5
DA:24,5
DA:25,5
DA:26,5
DA:27,5
DA:28,5
DA:29,5
DA:30,5
DA:31,5
DA:32,5
DA:33,5
DA:34,5
DA:35,5
DA:36,5
DA:37,5
DA:38,5
DA:39,5
DA:40,5
DA:41,5
DA:42,5
DA:43,5
DA:44,5
DA:45,5
DA:46,5
DA:47,5
DA:48,5
DA:49,5
DA:50,5
DA:51,5
DA:52,5
DA:53,5
DA:54,5
DA:55,5
DA:56,5
DA:57,5
DA:58,5
DA:59,5
DA:60,5
DA:61,5
DA:62,5
DA:63,5
DA:64,5
DA:65,5
DA:66,5
DA:67,5
DA:68,5
DA:69,12
DA:70,12
DA:71,12
DA:72,12
DA:73,12
DA:74,5
DA:75,1
DA:76,1
LF:76
LH:76
BRDA:18,0,0,5
BRDA:68,1,0,12
BRF:2
BRH:2
end_of_record
TN:
SF:src/modules/cars/infra/typeorm/entities/Category.ts
FN:27,Category
FNF:1
FNH:1
FNDA:2,Category
DA:1,1
DA:2,1
DA:3,1
DA:4,1
DA:5,1
DA:6,1
DA:7,1
DA:8,1
DA:9,1
DA:10,1
DA:11,6
DA:12,6
DA:13,6
DA:14,6
DA:15,6
DA:16,6
DA:17,6
DA:18,6
DA:19,6
DA:20,6
DA:21,6
DA:22,6
DA:23,6
DA:24,6
DA:25,6
DA:26,6
DA:27,6
DA:28,2
DA:29,2
DA:30,2
DA:31,2
DA:32,6
DA:33,1
DA:34,1
LF:34
LH:34
BRDA:11,0,0,6
BRDA:27,1,0,2
BRF:2
BRH:2
end_of_record
TN:
SF:src/modules/cars/infra/typeorm/entities/Rental.ts
FN:53,Rental
FNF:1
FNH:1
FNDA:3,Rental
DA:1,1
DA:2,1
DA:3,1
DA:4,1
DA:5,1
DA:6,1
DA:7,1
DA:8,1
DA:9,1
DA:10,1
DA:11,1
DA:12,1
DA:13,1
DA:14,1
DA:15,1
DA:16,1
DA:17,2
DA:18,2
DA:19,2
DA:20,2
DA:21,2
DA:22,2
DA:23,2
DA:24,2
DA:25,2
DA:26,2
DA:27,2
DA:28,2
DA:29,2
DA:30,2
DA:31,2
DA:32,2
DA:33,2
DA:34,2
DA:35,2
DA:36,2
DA:37,2
DA:38,2
DA:39,2
DA:40,2
DA:41,2
DA:42,2
DA:43,2
DA:44,2
DA:45,2
DA:46,2
DA:47,2
DA:48,2
DA:49,2
DA:50,2
DA:51,2
DA:52,2
DA:53,2
DA:54,3
DA:55,3
DA:56,3
DA:57,3
DA:58,2
DA:59,1
DA:60,1
LF:60
LH:60
BRDA:17,0,0,2
BRDA:53,1,0,3
BRF:2
BRH:2
end_of_record
TN:
SF:src/modules/cars/infra/typeorm/entities/Specification.ts
FN:19,Specification
FNF:1
FNH:1
FNDA:2,Specification
DA:1,1
DA:2,1
DA:3,1
DA:4,1
DA:5,1
DA:6,5
DA:7,5
DA:8,5
DA:9,5
DA:10,5
DA:11,5
DA:12,5
DA:13,5
DA:14,5
DA:15,5
DA:16,5
DA:17,5
DA:18,5
DA:19,5
DA:20,2
DA:21,2
DA:22,2
DA:23,2
DA:24,5
DA:25,1
DA:26,1
LF:26
LH:26
BRDA:6,0,0,5
BRDA:19,1,0,2
BRF:2
BRH:2
end_of_record
TN:
SF:src/modules/cars/repositories/in-memory/CarsRepositoryInMemory.ts
FN:7,CarsRepositoryInMemory
FN:10,Object.<anonymous>.CarsRepositoryInMemory.create
FN:18,Object.<anonymous>.CarsRepositoryInMemory.findByLicensePlate
FN:22,Object.<anonymous>.CarsRepositoryInMemory.findAvailableAll
FN:42,Object.<anonymous>.CarsRepositoryInMemory.findById
FN:47,Object.<anonymous>.CarsRepositoryInMemory.findByIdAvailable
FNF:6
FNH:5
FNDA:17,CarsRepositoryInMemory
FNDA:12,Object.<anonymous>.CarsRepositoryInMemory.create
FNDA:5,Object.<anonymous>.CarsRepositoryInMemory.findByLicensePlate
FNDA:4,Object.<anonymous>.CarsRepositoryInMemory.findAvailableAll
FNDA:7,Object.<anonymous>.CarsRepositoryInMemory.findById
FNDA:0,Object.<anonymous>.CarsRepositoryInMemory.findByIdAvailable
DA:1,1
DA:2,1
DA:3,1
DA:4,1
DA:5,1
DA:6,1
DA:7,17
DA:8,17
DA:9,17
DA:10,17
DA:11,12
DA:12,12
DA:13,12
DA:14,12
DA:15,12
DA:16,12
DA:17,17
DA:18,17
DA:19,5
DA:20,5
DA:21,17
DA:22,17
DA:23,4
DA:24,4
DA:25,4
DA:26,4
DA:27,4
DA:28,4
DA:29,4
DA:30,4
DA:31,4
DA:32,0
DA:33,4
DA:34,4
DA:35,4
DA:36,0
DA:37,4
DA:38,4
DA:39,4
DA:40,4
DA:41,17
DA:42,17
DA:43,7
DA:44,7
DA:45,7
DA:46,17
DA:47,17
DA:48,0
DA:49,0
DA:50,0
DA:51,0
DA:52,0
DA:53,17
DA:54,1
DA:55,1
LF:55
LH:48
BRDA:7,0,0,4
BRDA:7,1,0,17
BRDA:10,2,0,12
BRDA:18,3,0,5
BRDA:19,4,0,1
BRDA:22,5,0,4
BRDA:27,6,0,4
BRDA:29,7,0,0
BRDA:30,8,0,0
BRDA:31,9,0,0
BRDA:36,10,0,0
BRDA:42,11,0,7
BRDA:43,12,0,6
BRF:13
BRH:9
end_of_record
TN:
SF:src/modules/cars/repositories/in-memory/CategoriesRepositoryInMemory.ts
FN:8,CategoriesRepositoryInMemory
FN:11,Object.<anonymous>.CategoriesRepositoryInMemory.create
FN:21,Object.<anonymous>.CategoriesRepositoryInMemory.list
FN:24,Object.<anonymous>.CategoriesRepositoryInMemory.findByName
FNF:4
FNH:3
FNDA:2,CategoriesRepositoryInMemory
FNDA:2,Object.<anonymous>.CategoriesRepositoryInMemory.create
FNDA:0,Object.<anonymous>.CategoriesRepositoryInMemory.list
FNDA:4,Object.<anonymous>.CategoriesRepositoryInMemory.findByName
DA:1,1
DA:2,1
DA:3,1
DA:4,1
DA:5,1
DA:6,1
DA:7,1
DA:8,2
DA:9,2
DA:10,2
DA:11,2
DA:12,2
DA:13,2
DA:14,2
DA:15,2
DA:16,2
DA:17,2
DA:18,2
DA:19,2
DA:20,2
DA:21,2
DA:22,0
DA:23,0
DA:24,2
DA:25,4
DA:26,4
DA:27,4
DA:28,4
DA:29,4
DA:30,2
DA:31,1
DA:32,1
LF:32
LH:30
BRDA:8,0,0,1
BRDA:8,1,0,2
BRDA:11,2,0,2
BRDA:24,3,0,4
BRDA:26,4,0,2
BRF:5
BRH:5
end_of_record
TN:
SF:src/modules/cars/repositories/in-memory/RentalsRepositoryInMemory.ts
FN:8,RentalsRepositoryInMemory
FN:11,Object.<anonymous>.RentalsRepositoryInMemory.create
FN:32,Object.<anonymous>.RentalsRepositoryInMemory.findByUserId
FN:40,Object.<anonymous>.RentalsRepositoryInMemory.listAll
FN:44,Object.<anonymous>.RentalsRepositoryInMemory.listUserRental
FNF:5
FNH:4
FNDA:11,RentalsRepositoryInMemory
FNDA:3,Object.<anonymous>.RentalsRepositoryInMemory.create
FNDA:5,Object.<anonymous>.RentalsRepositoryInMemory.findByUserId
FNDA:2,Object.<anonymous>.RentalsRepositoryInMemory.listAll
FNDA:0,Object.<anonymous>.RentalsRepositoryInMemory.listUserRental
DA:1,1
DA:2,1
DA:3,1
DA:4,1
DA:5,1
DA:6,1
DA:7,1
DA:8,11
DA:9,11
DA:10,11
DA:11,11
DA:12,3
DA:13,3
DA:14,3
DA:15,3
DA:16,3
DA:17,3
DA:18,3
DA:19,3
DA:20,3
DA:21,3
DA:22,3
DA:23,3
DA:24,3
DA:25,3
DA:26,3
DA:27,3
DA:28,3
DA:29,3
DA:30,3
DA:31,11
DA:32,11
DA:33,5
DA:34,5
DA:35,5
DA:36,5
DA:37,5
DA:38,5
DA:39,11
DA:40,11
DA:41,2
DA:42,2
DA:43,11
DA:44,11
DA:45,0
DA:46,0
DA:47,0
DA:48,0
DA:49,0
DA:50,11
DA:51,1
DA:52,1
LF:52
LH:47
BRDA:8,0,0,2
BRDA:8,1,0,11
BRDA:11,2,0,3
BRDA:32,3,0,5
BRDA:34,4,0,3
BRDA:40,5,0,2
BRF:6
BRH:6
end_of_record
TN:
SF:src/modules/cars/repositories/in-memory/SpecificationsRepositoryInMemory.ts
FN:9,SpecificationsRepositoryInMemory
FN:12,Object.<anonymous>.SpecificationsRepositoryInMemory.create
FN:25,Object.<anonymous>.SpecificationsRepositoryInMemory.findByName
FN:30,Object.<anonymous>.SpecificationsRepositoryInMemory.list
FN:33,Object.<anonymous>.SpecificationsRepositoryInMemory.findByIds
FNF:5
FNH:3
FNDA:6,SpecificationsRepositoryInMemory
FNDA:2,Object.<anonymous>.SpecificationsRepositoryInMemory.create
FNDA:0,Object.<anonymous>.SpecificationsRepositoryInMemory.findByName
FNDA:0,Object.<anonymous>.SpecificationsRepositoryInMemory.list
FNDA:1,Object.<anonymous>.SpecificationsRepositoryInMemory.findByIds
DA:1,1
DA:2,1
DA:3,1
DA:4,1
DA:5,1
DA:6,1
DA:7,1
DA:8,1
DA:9,6
DA:10,6
DA:11,6
DA:12,6
DA:13,2
DA:14,2
DA:15,2
DA:16,2
DA:17,2
DA:18,2
DA:19,2
DA:20,2
DA:21,2
DA:22,2
DA:23,2
DA:24,2
DA:25,6
DA:26,0
DA:27,0
DA:28,0
DA:29,0
DA:30,6
DA:31,0
DA:32,0
DA:33,6
DA:34,1
DA:35,1
DA:36,1
DA:37,1
DA:38,1
DA:39,1
DA:40,6
DA:41,1
DA:42,1
LF:42
LH:36
BRDA:9,0,0,2
BRDA:9,1,0,6
BRDA:12,2,0,2
BRDA:33,3,0,1
BRDA:34,4,0,1
BRF:5
BRH:5
end_of_record
TN:
SF:src/modules/cars/useCases/createCar/CreateCarUseCase.ts
FN:21,CreateCarUseCase
FN:25,Object.<anonymous>.CreateCarUseCase.execute
FNF:2
FNH:2
FNDA:4,CreateCarUseCase
FNDA:5,Object.<anonymous>.CreateCarUseCase.execute
DA:1,1
DA:2,1
DA:3,1
DA:4,1
DA:5,1
DA:6,1
DA:7,1
DA:8,1
DA:9,1
DA:10,1
DA:11,1
DA:12,1
DA:13,1
DA:14,1
DA:15,1
DA:16,1
DA:17,1
DA:18,1
DA:19,1
DA:20,1
DA:21,1
DA:22,4
DA:23,4
DA:24,4
DA:25,1
DA:26,5
DA:27,5
DA:28,5
DA:29,5
DA:30,5
DA:31,5
DA:32,5
DA:33,5
DA:34,5
DA:35,5
DA:36,5
DA:37,5
DA:38,5
DA:39,5
DA:40,4
DA:41,4
DA:42,4
DA:43,4
DA:44,4
DA:45,4
DA:46,4
DA:47,4
DA:48,4
DA:49,4
DA:50,4
DA:51,5
DA:52,5
DA:53,5
DA:54,1
DA:55,1
DA:56,1
LF:56
LH:56
BRDA:20,0,0,1
BRDA:21,1,0,4
BRDA:25,2,0,5
BRDA:35,3,0,5
BRDA:39,4,0,1
BRDA:40,5,0,4
BRF:6
BRH:6
end_of_record
TN:
SF:src/modules/cars/useCases/createCarSpecification/CreateCarSpecificationUseCase.ts
FN:15,CreateCarSpecificationUseCase
FN:22,Object.<anonymous>.CreateCarSpecificationUseCase.execute
FNF:2
FNH:2
FNDA:2,CreateCarSpecificationUseCase
FNDA:2,Object.<anonymous>.CreateCarSpecificationUseCase.execute
DA:1,1
DA:2,1
DA:3,1
DA:4,1
DA:5,1
DA:6,1
DA:7,1
DA:8,1
DA:9,1
DA:10,1
DA:11,1
DA:12,1
DA:13,1
DA:14,1
DA:15,1
DA:16,2
DA:17,2
DA:18,2
DA:19,2
DA:20,2
DA:21,2
DA:22,1
DA:23,2
DA:24,2
DA:25,1
DA:26,1
DA:27,1
DA:28,1
DA:29,2
DA:30,2
DA:31,0
DA:32,0
DA:33,2
DA:34,2
DA:35,2
DA:36,1
DA:37,1
DA:38,1
DA:39,0
DA:40,0
DA:41,0
DA:42,0
DA:43,0
DA:44,1
DA:45,2
DA:46,2
DA:47,2
DA:48,2
DA:49,2
DA:50,2
DA:51,2
DA:52,1
DA:53,1
DA:54,1
LF:54
LH:47
BRDA:14,0,0,1
BRDA:15,1,0,2
BRDA:22,2,0,2
BRDA:23,3,0,2
BRDA:24,4,0,1
BRDA:30,5,0,0
BRDA:35,6,0,1
BRDA:38,7,0,0
BRDA:37,8,0,1
BRF:9
BRH:7
end_of_record
TN:
SF:src/modules/cars/useCases/createCategory/CreateCategoryUseCase.ts
FN:13,CreateCategoryUseCase
FN:17,Object.<anonymous>.CreateCategoryUseCase.execute
FNF:2
FNH:2
FNDA:2,CreateCategoryUseCase
FNDA:3,Object.<anonymous>.CreateCategoryUseCase.execute
DA:1,1
DA:2,1
DA:3,1
DA:4,1
DA:5,1
DA:6,1
DA:7,1
DA:8,1
DA:9,1
DA:10,1
DA:11,1
DA:12,1
DA:13,1
DA:14,2
DA:15,2
DA:16,2
DA:17,1
DA:18,3
DA:19,3
DA:20,3
DA:21,3
DA:22,1
DA:23,1
DA:24,2
DA:25,2
DA:26,3
DA:27,1
DA:28,1
DA:29,1
LF:29
LH:29
BRDA:12,0,0,1
BRDA:13,1,0,2
BRDA:17,2,0,3
BRDA:19,3,0,3
BRDA:21,4,0,1
BRDA:24,5,0,2
BRF:6
BRH:6
end_of_record
TN:
SF:src/modules/cars/useCases/createRental/CreateRentalUseCase.ts
FN:18,CreateRentalUseCase
FN:29,Object.<anonymous>.CreateRentalUseCase.execute
FNF:2
FNH:2
FNDA:7,CreateRentalUseCase
FNDA:10,Object.<anonymous>.CreateRentalUseCase.execute
DA:1,1
DA:2,1
DA:3,1
DA:4,1
DA:5,1
DA:6,1
DA:7,1
DA:8,1
DA:9,1
DA:10,1
DA:11,1
DA:12,1
DA:13,1
DA:14,1
DA:15,1
DA:16,1
DA:17,1
DA:18,1
DA:19,7
DA:20,7
DA:21,7
DA:22,7
DA:23,7
DA:24,7
DA:25,7
DA:26,7
DA:27,7
DA:28,1
DA:29,1
DA:30,10
DA:31,10
DA:32,10
DA:33,10
DA:34,10
DA:35,10
DA:36,10
DA:37,10
DA:38,10
DA:39,10
DA:40,10
DA:41,10
DA:42,10
DA:43,10
DA:44,5
DA:45,5
DA:46,5
DA:47,5
DA:48,5
DA:49,10
DA:50,0
DA:51,0
DA:52,0
DA:53,5
DA:54,5
DA:55,10
DA:56,10
DA:57,10
DA:58,10
DA:59,10
DA:60,10
DA:61,10
DA:62,10
DA:63,10
DA:64,10
DA:65,10
DA:66,10
DA:67,10
DA:68,2
DA:69,2
DA:70,2
DA:71,2
DA:72,2
DA:73,2
DA:74,2
DA:75,2
DA:76,2
DA:77,2
DA:78,2
DA:79,2
DA:80,10
DA:81,10
DA:82,10
DA:83,1
DA:84,1
DA:85,1
LF:85
LH:82
BRDA:17,0,0,1
BRDA:18,1,0,7
BRDA:29,2,0,10
BRDA:43,3,0,5
BRDA:49,4,0,0
BRDA:53,5,0,5
BRDA:56,6,0,0
BRDA:60,7,0,0
BRDA:67,8,0,3
BRDA:68,9,0,2
BRF:10
BRH:7
end_of_record
TN:
SF:src/modules/cars/useCases/listAvailableCar/ListAvailableCarUseCase.ts
FN:9,ListAvailableCarUseCase
FN:14,Object.<anonymous>.ListAvailableCarUseCase.execute
FNF:2
FNH:2
FNDA:4,ListAvailableCarUseCase
FNDA:4,Object.<anonymous>.ListAvailableCarUseCase.execute
DA:1,1
DA:2,1
DA:3,1
DA:4,1
DA:5,1
DA:6,1
DA:7,1
DA:8,1
DA:9,1
DA:10,4
DA:11,4
DA:12,4
DA:13,1
DA:14,1
DA:15,4
DA:16,4
DA:17,4
DA:18,4
DA:19,4
DA:20,4
DA:21,4
DA:22,4
DA:23,1
DA:24,1
DA:25,1
LF:25
LH:25
BRDA:8,0,0,1
BRDA:9,1,0,4
BRDA:14,2,0,4
BRDA:15,3,0,4
BRF:4
BRH:4
end_of_record
TN:
SF:src/modules/cars/useCases/listRental/ListRentalUseCase.ts
FN:14,ListRentalUseCase
FN:21,Object.<anonymous>.ListRentalUseCase.execute
FNF:2
FNH:2
FNDA:4,ListRentalUseCase
FNDA:5,Object.<anonymous>.ListRentalUseCase.execute
DA:1,1
DA:2,1
DA:3,1
DA:4,1
DA:5,1
DA:6,1
DA:7,1
DA:8,1
DA:9,1
DA:10,1
DA:11,1
DA:12,1
DA:13,1
DA:14,1
DA:15,4
DA:16,4
DA:17,4
DA:18,4
DA:19,4
DA:20,4
DA:21,1
DA:22,5
DA:23,5
DA:24,5
DA:25,5
DA:26,5
DA:27,4
DA:28,5
DA:29,2
DA:30,2
DA:31,5
DA:32,5
DA:33,5
DA:34,5
DA:35,5
DA:36,1
DA:37,1
DA:38,1
LF:38
LH:38
BRDA:13,0,0,1
BRDA:14,1,0,4
BRDA:21,2,0,5
BRDA:22,3,0,5
BRDA:26,4,0,1
BRDA:27,5,0,4
BRDA:28,6,0,2
BRF:7
BRH:7
end_of_record
TN:
SF:src/shared/errors/AppError.ts
FN:5,AppError
FNF:1
FNH:1
FNDA:24,AppError
DA:1,8
DA:2,8
DA:3,8
DA:4,8
DA:5,8
DA:6,24
DA:7,24
DA:8,24
DA:9,8
LF:9
LH:9
BRDA:1,0,0,8
BRDA:5,1,0,24
BRDA:5,2,0,7
BRF:3
BRH:3
end_of_record
TN:
SF:src/shared/infra/http/middleware/ensureAdmin.ts
FN:6,ensureAdmin
FNF:1
FNH:1
FNDA:2,ensureAdmin
DA:1,1
DA:2,1
DA:3,1
DA:4,1
DA:5,1
DA:6,2
DA:7,2
DA:8,2
DA:9,2
DA:10,2
DA:11,2
DA:12,2
DA:13,2
DA:14,2
DA:15,2
DA:16,2
DA:17,1
DA:18,1
DA:19,1
DA:20,1
DA:21,2
LF:21
LH:21
BRDA:6,0,0,2
BRDA:16,1,0,1
BRDA:16,2,0,1
BRF:3
BRH:3
end_of_record
TN:
SF:src/shared/infra/http/middleware/ensureAuthenticated.ts
FN:11,ensureAuthenticated
FNF:1
FNH:1
FNDA:7,ensureAuthenticated
DA:1,1
DA:2,1
DA:3,1
DA:4,1
DA:5,1
DA:6,1
DA:7,1
DA:8,1
DA:9,1
DA:10,1
DA:11,7
DA:12,7
DA:13,7
DA:14,7
DA:15,7
DA:16,7
DA:17,7
DA:18,2
DA:19,2
DA:20,7
DA:21,7
DA:22,7
DA:23,3
DA:24,3
DA:25,3
DA:26,3
DA:27,3
DA:28,3
DA:29,3
DA:30,3
DA:31,3
DA:32,7
DA:33,7
DA:34,2
DA:35,2
DA:36,7
DA:37,7
DA:38,7
DA:39,7
DA:40,7
DA:41,7
DA:42,7
DA:43,7
DA:44,7
DA:45,2
DA:46,2
DA:47,7
DA:48,7
LF:48
LH:48
BRDA:11,0,0,7
BRDA:16,1,0,2
BRDA:16,2,0,5
BRDA:17,3,0,2
BRDA:22,4,0,2
BRDA:23,5,0,3
BRDA:33,6,0,1
BRDA:33,7,0,2
BRDA:43,8,0,2
BRDA:44,9,0,2
BRF:10
BRH:10
end_of_record
